PrismaClientValidationError: 
Invalid `__TURBOPACK__imported__module__$5b$project$5d2f$posyandu$2d$sedapmalam$2d$nextjs$2f$src$2f$lib$2f$prisma$2e$ts__$5b$app$2d$rsc$5d$__$28$ecmascript$29$__["default"].jadwalPosyandu.create()` invocation in
C:\Users\ADVAN\Downloads\posyandu-sedapmalam-nextjs\.next\dev\server\chunks\ssr\[root-of-the-server]__11btogh._.js:126:194

  123 const waktuSelesai = formData.get("waktuSelesai");
  124 const lokasi = formData.get("lokasi");
  125 const agenda = formData.get("agenda");
→ 126 await __TURBOPACK__imported__module__$5b$project$5d2f$posyandu$2d$sedapmalam$2d$nextjs$2f$src$2f$lib$2f$prisma$2e$ts__$5b$app$2d$rsc$5d$__$28$ecmascript$29$__["default"].jadwalPosyandu.create({
        data: {
          tanggal: new Date("2026-07-16T00:00:00.000Z"),
          waktuMulai: "08:00",
          waktuSelesai: "11:00",
          lokasi: "Cluster Jasmine Block A/12, Green Palm Sidoarjo",
          agenda: "Pemeriksaan Kesehatan",
          isActive: false,
          ~~~~~~~~
      ?   createdAt?: DateTime
        }
      })

Unknown argument `isActive`. Available options are marked with ?.
PrismaClientValidationError: 
Invalid `__TURBOPACK__imported__module__$5b$project$5d2f$posyandu$2d$sedapmalam$2d$nextjs$2f$src$2f$lib$2f$prisma$2e$ts__$5b$app$2d$rsc$5d$__$28$ecmascript$29$__["default"].jadwalPosyandu.create()` invocation in
C:\Users\ADVAN\Downloads\posyandu-sedapmalam-nextjs\.next\dev\server\chunks\ssr\[root-of-the-server]__11btogh._.js:126:194

  123 const waktuSelesai = formData.get("waktuSelesai");
  124 const lokasi = formData.get("lokasi");
  125 const agenda = formData.get("agenda");
→ 126 await __TURBOPACK__imported__module__$5b$project$5d2f$posyandu$2d$sedapmalam$2d$nextjs$2f$src$2f$lib$2f$prisma$2e$ts__$5b$app$2d$rsc$5d$__$28$ecmascript$29$__["default"].jadwalPosyandu.create({
        data: {
          tanggal: new Date("2026-07-16T00:00:00.000Z"),
          waktuMulai: "08:00",
          waktuSelesai: "11:00",
          lokasi: "Cluster Jasmine Block A/12, Green Palm Sidoarjo",
          agenda: "Pemeriksaan Kesehatan",
          isActive: false,
          ~~~~~~~~
      ?   createdAt?: DateTime
        }
      })

Unknown argument `isActive`. Available options are marked with ?.
    at ar (C:\Users\ADVAN\Downloads\posyandu-sedapmalam-nextjs\node_modules\@prisma\client\runtime\client.js:10:1374)
    at zr.handleRequestError (C:\Users\ADVAN\Downloads\posyandu-sedapmalam-nextjs\node_modules\@prisma\client\runtime\client.js:65:7929)
    at zr.handleAndLogRequestError (C:\Users\ADVAN\Downloads\posyandu-sedapmalam-nextjs\node_modules\@prisma\client\runtime\client.js:65:7581)
    at zr.request (C:\Users\ADVAN\Downloads\posyandu-sedapmalam-nextjs\node_modules\@prisma\client\runtime\client.js:65:7288)
    at process.processTicksAndRejections (node:internal/process/task_queues:105:5)
    at async a (C:\Users\ADVAN\Downloads\posyandu-sedapmalam-nextjs\node_modules\@prisma\client\runtime\client.js:75:6862)
    at async createJadwal (C:\Users\ADVAN\Downloads\posyandu-sedapmalam-nextjs\.next\dev\server\chunks\ssr\[root-of-the-server]__11btogh._.js:126:9)
    at async executeActionAndPrepareForRender (C:\Users\ADVAN\Downloads\posyandu-sedapmalam-nextjs\node_modules\next\dist\compiled\next-server\app-page-turbo.runtime.dev.js:64:5248)
    at async C:\Users\ADVAN\Downloads\posyandu-sedapmalam-nextjs\node_modules\next\dist\compiled\next-server\app-page-turbo.runtime.dev.js:64:1986
    at async handleAction (C:\Users\ADVAN\Downloads\posyandu-sedapmalam-nextjs\node_modules\next\dist\compiled\next-server\app-page-turbo.runtime.dev.js:62:25687)
    at async renderToHTMLOrFlightImpl (C:\Users\ADVAN\Downloads\posyandu-sedapmalam-nextjs\node_modules\next\dist\compiled\next-server\app-page-turbo.runtime.dev.js:69:55695)
    at async doRender (C:\Users\ADVAN\Downloads\posyandu-sedapmalam-nextjs\.next\dev\server\chunks\ssr\1_r8_1ou7u92._.js:4055:28)
    at async AppPageRouteModule.handleResponse (C:\Users\ADVAN\Downloads\posyandu-sedapmalam-nextjs\node_modules\next\dist\compiled\next-server\app-page-turbo.runtime.dev.js:71:66429)
    at async handleResponse (C:\Users\ADVAN\Downloads\posyandu-sedapmalam-nextjs\.next\dev\server\chunks\ssr\1_r8_1ou7u92._.js:4366:32)
    at async Module.handler (C:\Users\ADVAN\Downloads\posyandu-sedapmalam-nextjs\.next\dev\server\chunks\ssr\1_r8_1ou7u92._.js:4772:20)
    at async DevServer.renderToResponseWithComponentsImpl (C:\Users\ADVAN\Downloads\posyandu-sedapmalam-nextjs\node_modules\next\dist\server\base-server.js:1462:9)
    at async DevServer.renderPageComponent (C:\Users\ADVAN\Downloads\posyandu-sedapmalam-nextjs\node_modules\next\dist\server\base-server.js:1514:24)
    at async DevServer.renderToResponseImpl (C:\Users\ADVAN\Downloads\posyandu-sedapmalam-nextjs\node_modules\next\dist\server\base-server.js:1564:32)
    at async DevServer.pipeImpl (C:\Users\ADVAN\Downloads\posyandu-sedapmalam-nextjs\node_modules\next\dist\server\base-server.js:1044:25)
    at async NextNodeServer.handleCatchallRenderRequest (C:\Users\ADVAN\Downloads\posyandu-sedapmalam-nextjs\node_modules\next\dist\server\next-server.js:338:17)
    at async DevServer.handleRequestImpl (C:\Users\ADVAN\Downloads\posyandu-sedapmalam-nextjs\node_modules\next\dist\server\base-server.js:935:17)
    at async C:\Users\ADVAN\Downloads\posyandu-sedapmalam-nextjs\node_modules\next\dist\server\dev\next-dev-server.js:394:20
    at async Span.traceAsyncFn (C:\Users\ADVAN\Downloads\posyandu-sedapmalam-nextjs\node_modules\next\dist\trace\trace.js:164:20)
    at async DevServer.handleRequest (C:\Users\ADVAN\Downloads\posyandu-sedapmalam-nextjs\node_modules\next\dist\server\dev\next-dev-server.js:390:24)
    at async invokeRender (C:\Users\ADVAN\Downloads\posyandu-sedapmalam-nextjs\node_modules\next\dist\server\lib\router-server.js:266:21)
    at async handleRequest (C:\Users\ADVAN\Downloads\posyandu-sedapmalam-nextjs\node_modules\next\dist\server\lib\router-server.js:465:24)
    at async requestHandlerImpl (C:\Users\ADVAN\Downloads\posyandu-sedapmalam-nextjs\node_modules\next\dist\server\lib\router-server.js:514:13)
    at async Server.requestListener (C:\Users\ADVAN\Downloads\posyandu-sedapmalam-nextjs\node_modules\next\dist\server\lib\start-server.js:225:13)